Traceback (most recent call last):
  File "/home/john/Scripts/upwork_projects/scraping/scrapers/flipkart/functions.py", line 91, in item_parsing
    d['display_order'],d['last_update'],d['deleted'])
  File "/home/john/Scripts/upwork_projects/scraping/scrapers/flipkart/com_functions.py", line 28, in csv_writer
    name = name.replace('"', '')
AttributeError: 'NoneType' object has no attribute 'replace'
##################################################
Traceback (most recent call last):
  File "/home/john/Scripts/upwork_projects/scraping/scrapers/flipkart/functions.py", line 91, in item_parsing
    d['display_order'],d['last_update'],d['deleted'])
  File "/home/john/Scripts/upwork_projects/scraping/scrapers/flipkart/com_functions.py", line 28, in csv_writer
    name = name.replace('"', '')
AttributeError: 'NoneType' object has no attribute 'replace'
##################################################
Traceback (most recent call last):
  File "/home/john/Scripts/upwork_projects/scraping/scrapers/flipkart/functions.py", line 91, in item_parsing
    d['display_order'],d['last_update'],d['deleted'])
  File "/home/john/Scripts/upwork_projects/scraping/scrapers/flipkart/com_functions.py", line 28, in csv_writer
    name = name.replace('"', '')
AttributeError: 'NoneType' object has no attribute 'replace'
##################################################
