1496064135750	geckodriver	INFO	Listening on 127.0.0.1:37848
1496064136714	mozprofile::profile	INFO	Using profile path /tmp/rust_mozprofile.6f3jb8gl2tZz
1496064136715	geckodriver::marionette	INFO	Starting browser /usr/bin/firefox
1496064136747	geckodriver::marionette	INFO	Connecting to Marionette on localhost:56316

(firefox:7099): GLib-GObject-CRITICAL **: g_object_ref: assertion 'object->ref_count > 0' failed

(firefox:7099): GLib-GObject-CRITICAL **: g_object_unref: assertion 'object->ref_count > 0' failed

(firefox:7099): GLib-GObject-CRITICAL **: g_object_ref: assertion 'object->ref_count > 0' failed

(firefox:7099): GLib-GObject-CRITICAL **: g_object_unref: assertion 'object->ref_count > 0' failed
1496064144687	Marionette	INFO	Listening on port 56316

(/usr/lib/firefox/firefox:7160): GLib-GObject-CRITICAL **: g_object_ref: assertion 'object->ref_count > 0' failed

(/usr/lib/firefox/firefox:7160): GLib-GObject-CRITICAL **: g_object_unref: assertion 'object->ref_count > 0' failed

(/usr/lib/firefox/firefox:7160): GLib-GObject-CRITICAL **: g_object_ref: assertion 'object->ref_count > 0' failed

(/usr/lib/firefox/firefox:7160): GLib-GObject-CRITICAL **: g_object_unref: assertion 'object->ref_count > 0' failed
JavaScript warning: http://mathid.mathtag.com/d/i.js, line 1: unreachable code after return statement
JavaScript warning: http://d3701cc9l7v9a6.cloudfront.net/js/jquery/jquery-1.3.2.min.js, line 19: unreachable code after return statement
1496064184384	geckodriver	INFO	Listening on 127.0.0.1:36776
1496064185382	mozprofile::profile	INFO	Using profile path /tmp/rust_mozprofile.KZjW8O5izEpQ
1496064185383	geckodriver::marionette	INFO	Starting browser /usr/bin/firefox
1496064185386	geckodriver::marionette	INFO	Connecting to Marionette on localhost:45325

(firefox:7230): GLib-GObject-CRITICAL **: g_object_ref: assertion 'object->ref_count > 0' failed

(firefox:7230): GLib-GObject-CRITICAL **: g_object_unref: assertion 'object->ref_count > 0' failed

(firefox:7230): GLib-GObject-CRITICAL **: g_object_ref: assertion 'object->ref_count > 0' failed

(firefox:7230): GLib-GObject-CRITICAL **: g_object_unref: assertion 'object->ref_count > 0' failed
1496064189967	Marionette	INFO	Listening on port 45325

(/usr/lib/firefox/firefox:7293): GLib-GObject-CRITICAL **: g_object_ref: assertion 'object->ref_count > 0' failed

(/usr/lib/firefox/firefox:7293): GLib-GObject-CRITICAL **: g_object_unref: assertion 'object->ref_count > 0' failed

(/usr/lib/firefox/firefox:7293): GLib-GObject-CRITICAL **: g_object_ref: assertion 'object->ref_count > 0' failed

(/usr/lib/firefox/firefox:7293): GLib-GObject-CRITICAL **: g_object_unref: assertion 'object->ref_count > 0' failed
JavaScript warning: http://mathid.mathtag.com/d/i.js, line 1: unreachable code after return statement
JavaScript warning: http://d3701cc9l7v9a6.cloudfront.net/js/jquery/jquery-1.3.2.min.js, line 19: unreachable code after return statement
1496064218006	Marionette	INFO	New connections will no longer be accepted
[Child 7293] WARNING: pipe error (3): Connection reset by peer: file /build/firefox-EX_27g/firefox-53.0.3+build1/ipc/chromium/src/chrome/common/ipc_channel_posix.cc, line 346
1496064341292	geckodriver	INFO	Listening on 127.0.0.1:52168
1496064342292	mozprofile::profile	INFO	Using profile path /tmp/rust_mozprofile.Qx05OuBHH5AH
1496064342295	geckodriver::marionette	INFO	Starting browser /usr/bin/firefox
1496064342299	geckodriver::marionette	INFO	Connecting to Marionette on localhost:39903

(firefox:7393): GLib-GObject-CRITICAL **: g_object_ref: assertion 'object->ref_count > 0' failed

(firefox:7393): GLib-GObject-CRITICAL **: g_object_unref: assertion 'object->ref_count > 0' failed

(firefox:7393): GLib-GObject-CRITICAL **: g_object_ref: assertion 'object->ref_count > 0' failed

(firefox:7393): GLib-GObject-CRITICAL **: g_object_unref: assertion 'object->ref_count > 0' failed
1496064347513	Marionette	INFO	Listening on port 39903

(/usr/lib/firefox/firefox:7460): GLib-GObject-CRITICAL **: g_object_ref: assertion 'object->ref_count > 0' failed

(/usr/lib/firefox/firefox:7460): GLib-GObject-CRITICAL **: g_object_unref: assertion 'object->ref_count > 0' failed

(/usr/lib/firefox/firefox:7460): GLib-GObject-CRITICAL **: g_object_ref: assertion 'object->ref_count > 0' failed

(/usr/lib/firefox/firefox:7460): GLib-GObject-CRITICAL **: g_object_unref: assertion 'object->ref_count > 0' failed
JavaScript warning: http://mathid.mathtag.com/d/i.js, line 1: unreachable code after return statement
JavaScript warning: http://d3701cc9l7v9a6.cloudfront.net/js/jquery/jquery-1.3.2.min.js, line 19: unreachable code after return statement
1496064377196	Marionette	INFO	New connections will no longer be accepted
[Child 7460] WARNING: pipe error (3): Connection reset by peer: file /build/firefox-EX_27g/firefox-53.0.3+build1/ipc/chromium/src/chrome/common/ipc_channel_posix.cc, line 346
1496065361056	geckodriver	INFO	Listening on 127.0.0.1:55228
1496065362081	mozprofile::profile	INFO	Using profile path /tmp/rust_mozprofile.0SAoTIJA9bYg
1496065362082	geckodriver::marionette	INFO	Starting browser /usr/bin/firefox
1496065362086	geckodriver::marionette	INFO	Connecting to Marionette on localhost:57626

(firefox:7632): GLib-GObject-CRITICAL **: g_object_ref: assertion 'object->ref_count > 0' failed

(firefox:7632): GLib-GObject-CRITICAL **: g_object_unref: assertion 'object->ref_count > 0' failed

(firefox:7632): GLib-GObject-CRITICAL **: g_object_ref: assertion 'object->ref_count > 0' failed

(firefox:7632): GLib-GObject-CRITICAL **: g_object_unref: assertion 'object->ref_count > 0' failed
1496065367105	Marionette	INFO	Listening on port 57626

(/usr/lib/firefox/firefox:7700): GLib-GObject-CRITICAL **: g_object_ref: assertion 'object->ref_count > 0' failed

(/usr/lib/firefox/firefox:7700): GLib-GObject-CRITICAL **: g_object_unref: assertion 'object->ref_count > 0' failed

(/usr/lib/firefox/firefox:7700): GLib-GObject-CRITICAL **: g_object_ref: assertion 'object->ref_count > 0' failed

(/usr/lib/firefox/firefox:7700): GLib-GObject-CRITICAL **: g_object_unref: assertion 'object->ref_count > 0' failed
JavaScript warning: http://mathid.mathtag.com/d/i.js, line 1: unreachable code after return statement
JavaScript warning: http://d3701cc9l7v9a6.cloudfront.net/js/jquery/jquery-1.3.2.min.js, line 19: unreachable code after return statement
1496065394568	Marionette	INFO	New connections will no longer be accepted
[Child 7700] WARNING: pipe error (3): Connection reset by peer: file /build/firefox-EX_27g/firefox-53.0.3+build1/ipc/chromium/src/chrome/common/ipc_channel_posix.cc, line 346
1496066257838	geckodriver	INFO	Listening on 127.0.0.1:60825
1496066258838	mozprofile::profile	INFO	Using profile path /tmp/rust_mozprofile.SALpT0VVmbEa
1496066258840	geckodriver::marionette	INFO	Starting browser /usr/bin/firefox
1496066258844	geckodriver::marionette	INFO	Connecting to Marionette on localhost:36584

(firefox:7872): GLib-GObject-CRITICAL **: g_object_ref: assertion 'object->ref_count > 0' failed

(firefox:7872): GLib-GObject-CRITICAL **: g_object_unref: assertion 'object->ref_count > 0' failed

(firefox:7872): GLib-GObject-CRITICAL **: g_object_ref: assertion 'object->ref_count > 0' failed

(firefox:7872): GLib-GObject-CRITICAL **: g_object_unref: assertion 'object->ref_count > 0' failed
1496066263481	Marionette	INFO	Listening on port 36584

(/usr/lib/firefox/firefox:7939): GLib-GObject-CRITICAL **: g_object_ref: assertion 'object->ref_count > 0' failed

(/usr/lib/firefox/firefox:7939): GLib-GObject-CRITICAL **: g_object_unref: assertion 'object->ref_count > 0' failed

(/usr/lib/firefox/firefox:7939): GLib-GObject-CRITICAL **: g_object_ref: assertion 'object->ref_count > 0' failed

(/usr/lib/firefox/firefox:7939): GLib-GObject-CRITICAL **: g_object_unref: assertion 'object->ref_count > 0' failed
JavaScript warning: http://mathid.mathtag.com/d/i.js, line 1: unreachable code after return statement
JavaScript warning: http://d3701cc9l7v9a6.cloudfront.net/js/jquery/jquery-1.3.2.min.js, line 19: unreachable code after return statement
1496066288986	Marionette	INFO	New connections will no longer be accepted
[Child 7939] WARNING: pipe error (3): Connection reset by peer: file /build/firefox-EX_27g/firefox-53.0.3+build1/ipc/chromium/src/chrome/common/ipc_channel_posix.cc, line 346
1496066688860	geckodriver	INFO	Listening on 127.0.0.1:42750
1496066689857	mozprofile::profile	INFO	Using profile path /tmp/rust_mozprofile.C8GC2FiVHmfZ
1496066689858	geckodriver::marionette	INFO	Starting browser /usr/bin/firefox
1496066689861	geckodriver::marionette	INFO	Connecting to Marionette on localhost:44409

(firefox:8077): GLib-GObject-CRITICAL **: g_object_ref: assertion 'object->ref_count > 0' failed

(firefox:8077): GLib-GObject-CRITICAL **: g_object_unref: assertion 'object->ref_count > 0' failed

(firefox:8077): GLib-GObject-CRITICAL **: g_object_ref: assertion 'object->ref_count > 0' failed

(firefox:8077): GLib-GObject-CRITICAL **: g_object_unref: assertion 'object->ref_count > 0' failed
1496066694882	Marionette	INFO	Listening on port 44409

(/usr/lib/firefox/firefox:8139): GLib-GObject-CRITICAL **: g_object_ref: assertion 'object->ref_count > 0' failed

(/usr/lib/firefox/firefox:8139): GLib-GObject-CRITICAL **: g_object_unref: assertion 'object->ref_count > 0' failed

(/usr/lib/firefox/firefox:8139): GLib-GObject-CRITICAL **: g_object_ref: assertion 'object->ref_count > 0' failed

(/usr/lib/firefox/firefox:8139): GLib-GObject-CRITICAL **: g_object_unref: assertion 'object->ref_count > 0' failed
JavaScript warning: http://mathid.mathtag.com/d/i.js, line 1: unreachable code after return statement
JavaScript warning: http://d3701cc9l7v9a6.cloudfront.net/js/jquery/jquery-1.3.2.min.js, line 19: unreachable code after return statement
1496066724507	Marionette	INFO	New connections will no longer be accepted
[Child 8139] WARNING: pipe error (3): Connection reset by peer: file /build/firefox-EX_27g/firefox-53.0.3+build1/ipc/chromium/src/chrome/common/ipc_channel_posix.cc, line 346
1496067097030	geckodriver	INFO	Listening on 127.0.0.1:53446
1496067098028	mozprofile::profile	INFO	Using profile path /tmp/rust_mozprofile.5lzYYlXNlEQj
1496067098029	geckodriver::marionette	INFO	Starting browser /usr/bin/firefox
1496067098033	geckodriver::marionette	INFO	Connecting to Marionette on localhost:49075

(firefox:8241): GLib-GObject-CRITICAL **: g_object_ref: assertion 'object->ref_count > 0' failed

(firefox:8241): GLib-GObject-CRITICAL **: g_object_unref: assertion 'object->ref_count > 0' failed

(firefox:8241): GLib-GObject-CRITICAL **: g_object_ref: assertion 'object->ref_count > 0' failed

(firefox:8241): GLib-GObject-CRITICAL **: g_object_unref: assertion 'object->ref_count > 0' failed
1496067103000	Marionette	INFO	Listening on port 49075

(/usr/lib/firefox/firefox:8307): GLib-GObject-CRITICAL **: g_object_ref: assertion 'object->ref_count > 0' failed

(/usr/lib/firefox/firefox:8307): GLib-GObject-CRITICAL **: g_object_unref: assertion 'object->ref_count > 0' failed

(/usr/lib/firefox/firefox:8307): GLib-GObject-CRITICAL **: g_object_ref: assertion 'object->ref_count > 0' failed

(/usr/lib/firefox/firefox:8307): GLib-GObject-CRITICAL **: g_object_unref: assertion 'object->ref_count > 0' failed
JavaScript warning: http://mathid.mathtag.com/d/i.js, line 1: unreachable code after return statement
JavaScript warning: http://d3701cc9l7v9a6.cloudfront.net/js/jquery/jquery-1.3.2.min.js, line 19: unreachable code after return statement
1496067134811	Marionette	INFO	New connections will no longer be accepted
[Child 8307] WARNING: pipe error (3): Connection reset by peer: file /build/firefox-EX_27g/firefox-53.0.3+build1/ipc/chromium/src/chrome/common/ipc_channel_posix.cc, line 346
